Loading required package: Rcpp
Loading required package: ggplot2
Loading required package: methods
Loading 'brms' package (version 1.9.0.3). Useful instructions
can be found by typing help('brms'). A more detailed introduction
to the package is available through vignette('brms_overview').
Run theme_set(theme_default()) to use the default bayesplot theme.
Loading tidyverse: tibble
Loading tidyverse: tidyr
Loading tidyverse: readr
Loading tidyverse: purrr
Loading tidyverse: dplyr
Conflicts with tidy packages ---------------------------------------------------
filter(): dplyr, stats
lag():    dplyr, stats
Loading required package: rstan
Loading required package: StanHeaders
rstan (Version 2.16.2, packaged: 2017-07-03 09:24:58 UTC, GitRev: 2e1f913d3ca3)
For execution on a local, multicore CPU with excess RAM we recommend calling
rstan_options(auto_write = TRUE)
options(mc.cores = parallel::detectCores())

Attaching package: ‘rstan’

The following object is masked from ‘package:tidyr’:

    extract

Loading required package: parallel
rethinking (Version 1.59)

Attaching package: ‘rethinking’

The following object is masked from ‘package:purrr’:

    map

The following objects are masked from ‘package:brms’:

    LOO, stancode, WAIC

Joining, by = c("SNP_ID", "gene_ID", "cross")
Compiling the C++ model
Start sampling
Loading required package: snow

Attaching package: ‘snow’

The following objects are masked from ‘package:parallel’:

    clusterApply, clusterApplyLB, clusterCall, clusterEvalQ,
    clusterExport, clusterMap, clusterSplit, makeCluster, parApply,
    parCapply, parLapply, parRapply, parSapply, splitIndices,
    stopCluster

snowfall 1.84-6.1 initialized (using snow 0.4-2): parallel execution on 24 CPUs.

Warning message:
In searchCommandline(parallel, cpus = cpus, type = type, socketHosts = socketHosts,  :
  Unknown option on commandline: --file
Library brms loaded in cluster.

Start sampling
Start sampling
Start sampling
Start sampling
Start sampling
Start sampling
Start sampling
Start sampling
Start sampling
Start sampling
Start sampling
Start sampling
Start sampling
Start sampling
Start sampling
Start sampling
Start sampling
Start sampling
Start sampling
Start sampling
Start sampling
Start sampling
Start sampling
Start sampling
Start sampling
Start sampling
Start sampling
Start sampling
Start sampling
Start sampling
Start sampling
Start sampling
Start sampling
Start sampling
Start sampling
Start sampling
Start sampling
Start sampling
Start sampling
Start sampling
Start sampling
Start sampling
Start sampling
Start sampling
Start sampling
Start sampling
Start sampling
Start sampling
Start sampling
Start sampling
Start sampling
Start sampling
Start sampling
Start sampling
Start sampling
Start sampling
Start sampling
Start sampling
Start sampling
Start sampling
Start sampling
Start sampling
Start sampling
Start sampling
Start sampling
Start sampling
Start sampling
Start sampling
Start sampling
Start sampling
Start sampling
Start sampling
Start sampling
Start sampling
Start sampling
Start sampling
Start sampling
Start sampling
Start sampling
Start sampling
Start sampling
Start sampling
Start sampling
Start sampling
Start sampling
Start sampling
Start sampling
Start sampling
Start sampling
Start sampling
Start sampling
Start sampling
Start sampling
Start sampling
Start sampling
Start sampling
Start sampling
Start sampling
Start sampling
Start sampling
Start sampling
Start sampling
Start sampling
Start sampling
Start sampling
Start sampling
Start sampling
Start sampling
Start sampling
Start sampling
Start sampling
Start sampling
Start sampling
Start sampling
Start sampling
Start sampling
Start sampling
Start sampling
Start sampling
Start sampling
Start sampling
Start sampling
Start sampling
Start sampling
Start sampling
Start sampling
Start sampling
Start sampling
Start sampling
Start sampling
Start sampling
Start sampling
Start sampling
Start sampling
Start sampling
Start sampling
Start sampling
Start sampling
Start sampling
Start sampling
Start sampling
Start sampling
Start sampling
Start sampling
Start sampling
Start sampling
Start sampling
Start sampling
Start sampling
Start sampling
Start sampling
Start sampling
Start sampling
Start sampling
Start sampling
Start sampling
Start sampling
Start sampling
Start sampling
Start sampling
Start sampling
Start sampling
Start sampling
Start sampling
Start sampling
Start sampling
Start sampling
Start sampling
Start sampling
Start sampling
Start sampling
Start sampling
Start sampling
Start sampling
Start sampling
Start sampling
Start sampling
Start sampling
Start sampling
Start sampling
Start sampling
Start sampling
Start sampling
Error in new_CppObject_xp(fields$.module, fields$.pointer, ...) : 
  int variable contained non-int values; processing stage=data initialization; variable name=Y; base type=int
In addition: There were 50 or more warnings (use warnings() to see the first 50)
trying deprecated constructor; please alert package maintainer
Error in new_CppObject_xp(fields$.module, fields$.pointer, ...) : 
  no valid constructor available for the argument list
failed to create the sampler; sampling not done
Start sampling
Start sampling
Start sampling
Start sampling
Start sampling
Start sampling
Start sampling
Start sampling
Start sampling
Start sampling
Start sampling
Start sampling
Start sampling
Start sampling
Start sampling
Start sampling
Start sampling
Start sampling
Start sampling
Start sampling
Start sampling
Start sampling
Start sampling
Start sampling
Start sampling
Start sampling
Start sampling
Start sampling
Start sampling
Start sampling
Start sampling
Start sampling
Start sampling
Start sampling
Start sampling
Start sampling
Start sampling
Start sampling
Start sampling
Start sampling
Start sampling
Start sampling
Start sampling
Start sampling
Start sampling
Start sampling
Start sampling
Start sampling
Start sampling
Start sampling
Start sampling
Start sampling
Start sampling
Start sampling
Start sampling
Start sampling
Start sampling
Start sampling
Start sampling
Start sampling
Start sampling
Start sampling
Start sampling
Start sampling
Start sampling
Start sampling
Start sampling
Start sampling
Start sampling
Start sampling
Start sampling
Start sampling
Start sampling
Start sampling
Start sampling
Start sampling
Start sampling
Start sampling
Start sampling
Start sampling
Start sampling
Start sampling
Start sampling
Start sampling
Start sampling
Start sampling
Start sampling
Start sampling
Start sampling
Start sampling
Start sampling
Start sampling
Start sampling
Start sampling
Start sampling
Start sampling
Start sampling
Start sampling
Start sampling
Start sampling
Start sampling
Start sampling
Start sampling
Start sampling
Start sampling
Start sampling
Start sampling
Start sampling
Start sampling
Start sampling
Start sampling
Start sampling
Start sampling
Start sampling
Start sampling
Start sampling
Start sampling
Start sampling
Start sampling
Start sampling
Start sampling
Start sampling
Start sampling
Start sampling
Start sampling
Start sampling
Start sampling
Start sampling
Start sampling
Start sampling
Start sampling
Start sampling
Start sampling
Start sampling
Start sampling
Start sampling
Start sampling
Start sampling
Start sampling
Start sampling
Start sampling
Start sampling
Start sampling
Start sampling
Start sampling
Start sampling
Error in new_CppObject_xp(fields$.module, fields$.pointer, ...) : 
  int variable contained non-int values; processing stage=data initialization; variable name=Y; base type=int
In addition: There were 50 or more warnings (use warnings() to see the first 50)
trying deprecated constructor; please alert package maintainer
Error in new_CppObject_xp(fields$.module, fields$.pointer, ...) : 
  no valid constructor available for the argument list
failed to create the sampler; sampling not done
Start sampling
Start sampling
Start sampling
Start sampling
Start sampling
Start sampling
Start sampling
Start sampling
Start sampling
Start sampling
Start sampling
Start sampling
Start sampling
Start sampling
Start sampling
Start sampling
Start sampling
Start sampling
Start sampling
Start sampling
Start sampling
Start sampling
Start sampling
Start sampling
Start sampling
Start sampling
Start sampling
Start sampling
Start sampling
Start sampling
Start sampling
Start sampling
Start sampling
Start sampling
Start sampling
Start sampling
Start sampling
Start sampling
Start sampling
Start sampling
Start sampling
Start sampling
Start sampling
Start sampling
Start sampling
Start sampling
Start sampling
Start sampling
Start sampling
Start sampling
Start sampling
Start sampling
Start sampling
Start sampling
Start sampling
Start sampling
Start sampling
Start sampling
Start sampling
Start sampling
Start sampling
Start sampling
Start sampling
Start sampling
Start sampling
Start sampling
Start sampling
Start sampling
Start sampling
Start sampling
Start sampling
Start sampling
Start sampling
Start sampling
Start sampling
Start sampling
Start sampling
Start sampling
Start sampling
Start sampling
Start sampling
Start sampling
Start sampling
Start sampling
Start sampling
Start sampling
Start sampling
Start sampling
Start sampling
Start sampling
Start sampling
Start sampling
Start sampling
Start sampling
Start sampling
Start sampling
Start sampling
Start sampling
Start sampling
Start sampling
Start sampling
Start sampling
Start sampling
Start sampling
Start sampling
Start sampling
Start sampling
Start sampling
Start sampling
Start sampling
Start sampling
Start sampling
Start sampling
Start sampling
Start sampling
Start sampling
Start sampling
Start sampling
Start sampling
Start sampling
Start sampling
Start sampling
Start sampling
Start sampling
Start sampling
Start sampling
Start sampling
Start sampling
Start sampling
Start sampling
Start sampling
Start sampling
Start sampling
Start sampling
Start sampling
Start sampling
Start sampling
Start sampling
Start sampling
Start sampling
Start sampling
Start sampling
Start sampling
Start sampling
Start sampling
Start sampling
Start sampling
Start sampling
Start sampling
Start sampling
Start sampling
Start sampling
Start sampling
Start sampling
Start sampling
Start sampling
Start sampling
Start sampling
Start sampling
Start sampling
Start sampling
Start sampling
Start sampling
Start sampling
Start sampling
Start sampling
Start sampling
Start sampling
Start sampling
Start sampling
Start sampling
Start sampling
Start sampling
Start sampling
Start sampling
Start sampling
Start sampling
Start sampling
Start sampling
Start sampling
Start sampling
Start sampling
Start sampling
Start sampling
Start sampling
Start sampling
Start sampling
Start sampling
Start sampling
Start sampling
Start sampling
Start sampling
Start sampling
Start sampling
Start sampling
Start sampling
Start sampling
Start sampling
Start sampling
Start sampling
Start sampling
Start sampling
Start sampling
Start sampling
Start sampling
Start sampling
Start sampling
Start sampling
Start sampling
Start sampling
Start sampling
Start sampling
Start sampling
Start sampling
Start sampling
Start sampling
Start sampling
Start sampling
Start sampling
Start sampling
Start sampling
Start sampling
Start sampling
Start sampling
Start sampling
Start sampling
Start sampling
Start sampling
Start sampling
Start sampling
Start sampling
Start sampling
Start sampling
Start sampling
Start sampling
Start sampling
Start sampling
Start sampling
Start sampling
Start sampling
Start sampling
Start sampling
Start sampling
Start sampling
Start sampling
Start sampling
Start sampling
Start sampling
Start sampling
Start sampling
Start sampling
Start sampling
Start sampling
Start sampling
Start sampling
Start sampling
Start sampling
Start sampling
Start sampling
Start sampling
Start sampling
Start sampling
Start sampling
Start sampling
Start sampling
Start sampling
Start sampling
Start sampling
Start sampling
Start sampling
Start sampling
Start sampling
Start sampling
Start sampling
Start sampling
Start sampling
Start sampling
Start sampling
Start sampling
Start sampling
Start sampling
Start sampling
Start sampling
Start sampling
Start sampling
Start sampling
Start sampling
Start sampling
Start sampling
Start sampling
Start sampling
Start sampling
Start sampling
Start sampling
Start sampling
Start sampling
Start sampling
Start sampling
Start sampling
Start sampling
Start sampling
Start sampling
Start sampling
Start sampling
Start sampling
Start sampling
Start sampling
Start sampling
Start sampling
Start sampling
Start sampling
Start sampling
Start sampling
Start sampling
Start sampling
Start sampling
Start sampling
Start sampling
Start sampling
Start sampling
Start sampling
Start sampling
Start sampling
Start sampling
Start sampling
Start sampling
Start sampling
Start sampling
Start sampling
Start sampling
Start sampling
Start sampling
Start sampling
Start sampling
Start sampling
Start sampling
Start sampling
Start sampling
Start sampling
Start sampling
Start sampling
Start sampling
Start sampling
Start sampling
Start sampling
Start sampling
Start sampling
Start sampling
Start sampling
Start sampling
Start sampling
Start sampling
Start sampling
Start sampling
Start sampling
Start sampling
Start sampling
Start sampling
Start sampling
Start sampling
Start sampling
Start sampling
Start sampling
Start sampling
Start sampling
Start sampling
Start sampling
Start sampling
Start sampling
Start sampling
Start sampling
Start sampling
Start sampling
Start sampling
Start sampling
Start sampling
Start sampling
Start sampling
Start sampling
Start sampling
Start sampling
Start sampling
Start sampling
Start sampling
Start sampling
Start sampling
Start sampling
Start sampling
Start sampling
Start sampling
Start sampling
Start sampling
Start sampling
Start sampling
Start sampling
Start sampling
Start sampling
Start sampling
Start sampling
Start sampling
Start sampling
Start sampling
Start sampling
Start sampling
Start sampling
Start sampling
Start sampling
Start sampling
Start sampling
Start sampling
Start sampling
Start sampling
Start sampling
Start sampling
Start sampling
Start sampling
Start sampling
Start sampling
Start sampling
Start sampling
Start sampling
Start sampling
Start sampling
Start sampling
Start sampling
Start sampling
Start sampling
Start sampling
Start sampling
Start sampling
Start sampling
Start sampling
Start sampling
Start sampling
Start sampling
Start sampling
Start sampling
Start sampling
Start sampling
Start sampling
Start sampling
Start sampling
Start sampling
Start sampling
Start sampling
Start sampling
Start sampling
Start sampling
Start sampling
Start sampling
Start sampling
Start sampling
Start sampling
Start sampling
Start sampling
Start sampling
Start sampling
Start sampling
Start sampling
Start sampling
Start sampling
Start sampling
Start sampling
Start sampling
Start sampling
Start sampling
Start sampling
Start sampling
Start sampling
Start sampling
Start sampling
Start sampling
Start sampling
Start sampling
Start sampling
Start sampling
Start sampling
Start sampling
Start sampling
Start sampling
Start sampling
Start sampling
Start sampling
Start sampling
Start sampling
Start sampling
Start sampling
Start sampling
Start sampling
Start sampling
Start sampling
Start sampling
Start sampling
Start sampling
Start sampling
Start sampling
Start sampling
Start sampling
Start sampling
Start sampling
Start sampling
Start sampling
Start sampling
Start sampling
Start sampling
Start sampling
Start sampling
Start sampling
Start sampling
Start sampling
Start sampling
Start sampling
Start sampling
Start sampling
Start sampling
Start sampling
Start sampling
Start sampling
Start sampling
Start sampling
Start sampling
Start sampling
Start sampling
Start sampling
Start sampling
Start sampling
Start sampling
Start sampling
Start sampling
Start sampling
Start sampling
Start sampling
Start sampling
Start sampling
Start sampling
Start sampling
Start sampling
Start sampling
Start sampling
Start sampling
Start sampling
Start sampling
Start sampling
Start sampling
Start sampling
Start sampling
Start sampling
Start sampling
Start sampling
Start sampling
Start sampling
Start sampling
Start sampling
Start sampling
Start sampling
Start sampling
Start sampling
Start sampling
Start sampling
Start sampling
Start sampling
Start sampling
Start sampling
Start sampling
Start sampling
Start sampling
Start sampling
Start sampling
Start sampling
Start sampling
Start sampling
Start sampling
Start sampling
Start sampling
Start sampling
Start sampling
Start sampling
Start sampling
Start sampling
Start sampling
Start sampling
Start sampling
Start sampling
Start sampling
Start sampling
Start sampling
Start sampling
Start sampling
Start sampling
Start sampling
Start sampling
Start sampling
Start sampling
Start sampling
Start sampling
Start sampling
Start sampling
Start sampling
Start sampling
Start sampling
Start sampling
Start sampling
Start sampling
Start sampling
Start sampling
Start sampling
Start sampling
Start sampling
Start sampling
Start sampling
Start sampling
Start sampling
Start sampling
Start sampling
Start sampling
Start sampling
Start sampling
Start sampling
Start sampling
Start sampling
Start sampling
Start sampling
Start sampling
Start sampling
Start sampling
Start sampling
Start sampling
Start sampling
Start sampling
Start sampling
Start sampling
Start sampling
Start sampling
Start sampling
Start sampling
Start sampling
Start sampling
Start sampling
Start sampling
Start sampling
Start sampling
Start sampling
Start sampling
Start sampling
Start sampling
Start sampling
Start sampling
Start sampling
Start sampling
Start sampling
Start sampling
Start sampling
Start sampling
Start sampling
Start sampling
Start sampling
Start sampling
Start sampling
Start sampling
Start sampling
Start sampling
Start sampling
Start sampling
Start sampling
Start sampling
Start sampling
Start sampling
Start sampling
Start sampling
Start sampling
Start sampling
Start sampling
Start sampling
Start sampling
Start sampling
Start sampling
Start sampling
Start sampling
Start sampling
Start sampling
Start sampling
Start sampling
Start sampling
Start sampling
Start sampling
Start sampling
Start sampling
Start sampling
Start sampling
Start sampling
Start sampling
Start sampling
Start sampling
Start sampling
Start sampling
Start sampling
Start sampling
Start sampling
Start sampling
Start sampling
Start sampling
Start sampling
Start sampling
Start sampling
Start sampling
Start sampling
Start sampling
Start sampling
Start sampling
Start sampling
Start sampling
Start sampling
Start sampling
Start sampling
Start sampling
Start sampling
Start sampling
Start sampling
Start sampling
Start sampling
Start sampling
Start sampling
Start sampling
Start sampling
Start sampling
Start sampling
Start sampling
Start sampling
Start sampling
Start sampling
Start sampling
Start sampling
Start sampling
Start sampling
Start sampling
Start sampling
Start sampling
Start sampling
Start sampling
Start sampling
Start sampling
Start sampling
Start sampling
Start sampling
Start sampling
Start sampling
Start sampling
Start sampling
Start sampling
Start sampling
Start sampling
Start sampling
Start sampling
Start sampling
Start sampling
Start sampling
Start sampling
Start sampling
Start sampling
Start sampling
Start sampling
Start sampling
Start sampling
Start sampling
Start sampling
Start sampling
Start sampling
Start sampling
Start sampling
Start sampling
Start sampling
Start sampling
Start sampling
Start sampling
Start sampling
Start sampling
Start sampling
Start sampling
Start sampling
Start sampling
Start sampling
Start sampling
Start sampling
Start sampling
Start sampling
Start sampling
Start sampling
Start sampling
Start sampling
Start sampling
Start sampling
Start sampling
Start sampling
Start sampling
Start sampling
Start sampling
Start sampling
Start sampling
Start sampling
Start sampling
Start sampling
Start sampling
Start sampling
Start sampling
Start sampling
Start sampling
Start sampling
Start sampling
Start sampling
Start sampling
Start sampling
Start sampling
Start sampling
Start sampling
Start sampling
Start sampling
Start sampling
Start sampling
Start sampling
Start sampling
Start sampling
Start sampling
Start sampling
Start sampling
Start sampling
Start sampling
Start sampling
Start sampling
Start sampling
Start sampling
Start sampling
Start sampling
Start sampling
Start sampling
Start sampling
Start sampling
Start sampling
Start sampling
Start sampling
Start sampling
Start sampling
Start sampling
Start sampling
Start sampling
Start sampling
Start sampling
Start sampling
Start sampling
Start sampling
Start sampling
Start sampling
Start sampling
Start sampling
Start sampling
Start sampling
Start sampling
Start sampling
Start sampling
Start sampling
Start sampling
Start sampling
Start sampling
Start sampling
Start sampling
Start sampling
Start sampling
Start sampling
Start sampling
Start sampling
Start sampling
Start sampling
Start sampling
Start sampling
Start sampling
Start sampling
Start sampling
Start sampling
Start sampling
Start sampling
Start sampling
Start sampling
Start sampling
Start sampling
Start sampling
Start sampling
Start sampling
Start sampling
Start sampling
Start sampling
Start sampling
Start sampling
Start sampling
Start sampling
Start sampling
Start sampling
Start sampling
Start sampling
Start sampling
Start sampling
Start sampling
Start sampling
Start sampling
Start sampling
Start sampling
Start sampling
Start sampling
Start sampling
Start sampling
Start sampling
Start sampling
Start sampling
Start sampling
Start sampling
Start sampling
Start sampling
Start sampling
Start sampling
Start sampling
Start sampling
Start sampling
Start sampling
Start sampling
Start sampling
Start sampling
Start sampling
Start sampling
Start sampling
Start sampling
Start sampling
Start sampling
Start sampling
Start sampling
Start sampling
Start sampling
Start sampling
Start sampling
Start sampling
Start sampling
Start sampling
Start sampling
Start sampling
Start sampling
Start sampling
Start sampling
Start sampling
Start sampling
Start sampling
Start sampling
Start sampling
Start sampling
Start sampling
Start sampling
Start sampling
Start sampling
Start sampling
Start sampling
Start sampling
Start sampling
Start sampling
Start sampling
Start sampling
Start sampling
Start sampling
Start sampling
Start sampling
Start sampling
Start sampling
Start sampling
Start sampling
Start sampling
Start sampling
Start sampling
Start sampling
Start sampling
Start sampling
Start sampling
Start sampling
Start sampling
Start sampling
Start sampling
Start sampling
Start sampling
Start sampling
Start sampling
Start sampling
Start sampling
Start sampling
Start sampling
Start sampling
Start sampling
Start sampling
Start sampling
Start sampling
Start sampling
Start sampling
Start sampling
Start sampling
Start sampling
Start sampling
Start sampling
Start sampling
Start sampling
Start sampling
Start sampling
Start sampling
Start sampling
Start sampling
Start sampling
Start sampling
Start sampling
Start sampling
Start sampling
Start sampling
Start sampling
Start sampling
Start sampling
Start sampling
Start sampling
Start sampling
Start sampling
Start sampling
Start sampling
Start sampling
Start sampling
Start sampling
Start sampling
Start sampling
Start sampling
Start sampling
Start sampling
Start sampling
Start sampling
Start sampling
Start sampling
Start sampling
Start sampling
Start sampling
Start sampling
Start sampling
Start sampling
Start sampling
Start sampling
Start sampling
Start sampling
Start sampling
Start sampling
Start sampling
Start sampling
Start sampling
Start sampling
Start sampling
Start sampling
Start sampling
Start sampling
Start sampling
Start sampling
Start sampling
Start sampling
Start sampling
Start sampling
Start sampling
Start sampling
Start sampling
Start sampling
Start sampling
Start sampling
Start sampling
Start sampling
Start sampling
Start sampling
Start sampling
Start sampling
Start sampling
Start sampling
Start sampling
Start sampling
Start sampling
Start sampling
Start sampling
Start sampling
Start sampling
Start sampling
Start sampling
Start sampling
Start sampling
Start sampling
Start sampling
Start sampling
Start sampling
Start sampling
Start sampling
Start sampling
Start sampling
Start sampling
Start sampling
Start sampling
Start sampling
Start sampling
Start sampling
Start sampling
Start sampling
Start sampling
Start sampling
Start sampling
Start sampling
Start sampling
Start sampling
Start sampling
Start sampling
Start sampling
Start sampling
Start sampling
Start sampling
Start sampling
Start sampling
Start sampling
Start sampling
Start sampling
Start sampling
Start sampling
Start sampling
Start sampling
Start sampling
Start sampling
Start sampling
Start sampling
Start sampling
Start sampling
Start sampling
Start sampling
Start sampling
Start sampling
Start sampling
Start sampling
Start sampling
Start sampling
Start sampling
Start sampling
Start sampling
Start sampling
Start sampling
Start sampling
Start sampling
Start sampling
Start sampling
Start sampling
Start sampling
Start sampling
Start sampling
Start sampling
Start sampling
Start sampling
Start sampling
Start sampling
Start sampling
Start sampling
Start sampling
Start sampling
Start sampling
Start sampling
Start sampling
Start sampling
Start sampling
Start sampling
Start sampling
Start sampling
Start sampling
Start sampling
Start sampling
Start sampling
Start sampling
Start sampling
Start sampling
Start sampling
Start sampling
Start sampling
Start sampling
Start sampling
Start sampling
Start sampling
Start sampling
Start sampling
Start sampling
Start sampling
Start sampling
Start sampling
Start sampling
Start sampling
Start sampling
Start sampling
Start sampling
Start sampling
Start sampling
Start sampling
Start sampling
Start sampling
Start sampling
Start sampling
Start sampling
Start sampling
Start sampling
Start sampling
Start sampling
Start sampling
Start sampling
Start sampling
Start sampling
Start sampling
Start sampling
Start sampling
Start sampling
Start sampling
Start sampling
Start sampling
Start sampling
Start sampling
Start sampling
Start sampling
Start sampling
Start sampling
Start sampling
Start sampling
Start sampling
Start sampling
Start sampling
Start sampling
Start sampling
Start sampling
Start sampling
Start sampling
Start sampling
Start sampling
Start sampling
Start sampling
Start sampling
Start sampling
Start sampling
Start sampling
Start sampling
Start sampling
Start sampling
Start sampling
Start sampling
Start sampling
Start sampling
Start sampling
Start sampling
Start sampling
Start sampling
Start sampling
Start sampling
Start sampling
Start sampling
Start sampling
Start sampling
Start sampling
Start sampling
Start sampling
Start sampling
Start sampling
Start sampling
Start sampling
Start sampling
Start sampling
Start sampling
Start sampling
Start sampling
Start sampling
Start sampling
Start sampling
Start sampling
Start sampling
Start sampling
Start sampling
Start sampling
Start sampling
Start sampling
Start sampling
Start sampling
Start sampling
Start sampling
Start sampling
Start sampling
Start sampling
Start sampling
Start sampling
Start sampling
Start sampling
Start sampling
Start sampling
Start sampling
Start sampling
Start sampling
Start sampling
Start sampling
Start sampling
Start sampling
Start sampling
Start sampling
Start sampling
Start sampling
Start sampling
Start sampling
Start sampling
Start sampling
Start sampling
Start sampling
Start sampling
Start sampling
Start sampling
Start sampling
Start sampling
Start sampling
Start sampling
Start sampling
Start sampling
Start sampling
Start sampling
Start sampling
Start sampling
Start sampling
Start sampling
Start sampling
Start sampling
Start sampling
Start sampling
Start sampling
Start sampling
Start sampling
Start sampling
Start sampling
Start sampling
Start sampling
Start sampling
Start sampling
Start sampling
Start sampling
Start sampling
Start sampling
Start sampling
Start sampling
Start sampling
Start sampling
Start sampling
Start sampling
Start sampling
Start sampling
Start sampling
Start sampling
Start sampling
Start sampling
Start sampling
Start sampling
Start sampling
Start sampling
Start sampling
Start sampling
Start sampling
Start sampling
Start sampling
Start sampling
Start sampling
Start sampling
Start sampling
Start sampling
Start sampling
Start sampling
Start sampling
Start sampling
Start sampling
Start sampling
Start sampling
Start sampling
Start sampling
Start sampling
Start sampling
Start sampling
Start sampling
Start sampling
Start sampling
Start sampling
Start sampling
Start sampling
Start sampling
Start sampling
Start sampling
Start sampling
Start sampling
Start sampling
Start sampling
Start sampling
Start sampling
Start sampling
Start sampling
Start sampling
Start sampling
Start sampling
Start sampling
Start sampling
Start sampling
Start sampling
Start sampling
Start sampling
Start sampling
Start sampling
Start sampling
Start sampling
Start sampling
Start sampling
Start sampling
Start sampling
Start sampling
Start sampling
Start sampling
Start sampling
Start sampling
Start sampling
Start sampling
Start sampling
Start sampling
Start sampling
Start sampling
Start sampling
Start sampling
Start sampling
Start sampling
Start sampling
Start sampling
Start sampling
Start sampling
Start sampling
Start sampling
Start sampling
Start sampling
Start sampling
Start sampling
Start sampling
Start sampling
Start sampling
Start sampling
Start sampling
Start sampling
Start sampling
Start sampling
Start sampling
Start sampling
Start sampling
Start sampling
Start sampling
Start sampling
Start sampling
Start sampling
Start sampling
Start sampling
Start sampling
Start sampling
Start sampling
Start sampling
Start sampling
Start sampling
Start sampling
Start sampling
Start sampling
Start sampling
Start sampling
Start sampling
Start sampling
Start sampling
Start sampling
Start sampling
Start sampling
Start sampling
Start sampling
Start sampling
Start sampling
Start sampling
Start sampling
Start sampling
Start sampling
Start sampling
Start sampling
Start sampling
Start sampling
Start sampling
Start sampling
Start sampling
Start sampling
Start sampling
Start sampling
Start sampling
Start sampling
Start sampling
Start sampling
Start sampling
Start sampling
Start sampling
Start sampling
Start sampling
Start sampling
Start sampling
Start sampling
Start sampling
Start sampling
Start sampling
Start sampling
Start sampling
Start sampling
Start sampling
Start sampling
Start sampling
Start sampling
Start sampling
Start sampling
Start sampling
Start sampling
Start sampling
Start sampling
Start sampling
Start sampling
Start sampling
Start sampling
Start sampling
Start sampling
Start sampling
Start sampling
Start sampling
