Module samtools-1.9-lssc0-linux loaded. Samtools is a suite of programs for interacting with high-throughput sequencing data.
Module htslib-1.8-lssc0-linux loaded. HTSlib is an implementation of a unified C library for accessing common file formats, such as SAM, CRAM and VCF, used for high-throughput sequencing data, and is the core library used by samtools and bcftools.
Module vcftools-0.1.15-lssc0-linux loaded. A set of tools written in Perl and C++ for working with VCF files, such as those generated by the 1000 Genomes Project. The aim of VCFtools is to provide easily accessible methods for working with complex genetic variation data in the form of VCF files.

VCFtools - 0.1.15
(C) Adam Auton and Anthony Marcketta 2009

Parameters as interpreted:
	--gzvcf 505.vcf.gz
	--recode-INFO-all
	--maf 0.01
	--max-alleles 2
	--max-meanDP 100
	--min-alleles 2
	--minGQ 30
	--min-meanDP 1
	--minQ 40
	--max-missing 0.5
	--out 505_filtered
	--recode
	--remove-indels

Using zlib version: 1.2.8
After filtering, kept 238 out of 238 Individuals
Outputting VCF file...
After filtering, kept 360141 out of a possible 32221828 Sites
Run Time = 3946.00 seconds
After filtering, kept 1703835 out of a possible 32221828 Sites
Run Time = 7214.00 seconds
